# JRE version: OpenJDK Runtime Environment Temurin-17.0.4.1+1 (17.0.4.1+1) (build 17.0.4.1+1)
# Java VM: OpenJDK 64-Bit Server VM Temurin-17.0.4.1+1 (17.0.4.1+1, mixed mode, emulated-client, tiered, compressed oops, compressed class ptrs, g1 gc, windows-amd64)
GC Precious Log:
 CPUs: 8 total, 8 available
 Memory: 16299M
 Large Page Support: Disabled
 NUMA Support: Disabled
 Compressed Oops: Enabled (Zero based)
 Heap Region Size: 2M
 Heap Min Capacity: 8M
 Heap Initial Capacity: 256M
 Heap Max Capacity: 4076M
 Pre-touch: Disabled
 Parallel Workers: 8
 Concurrent Workers: 2
 Concurrent Refinement Workers: 8
 Periodic GC: Disabled
Heap:
 garbage-first heap   total 563200K, used 170441K [0x0000000701400000, 0x0000000800000000)
  region size 2048K, 11 young (22528K), 11 survivors (22528K)
 Metaspace       used 43559K, committed 43968K, reserved 1089536K
  class space    used 5397K, committed 5568K, reserved 1048576K
GC Heap History (20 events):
Event: 19.284 GC heap after
{Heap after GC invocations=14 (full 0):
 garbage-first heap   total 131072K, used 67143K [0x0000000701400000, 0x0000000800000000)
  region size 2048K, 3 young (6144K), 3 survivors (6144K)
 Metaspace       used 38906K, committed 39296K, reserved 1089536K
  class space    used 4932K, committed 5120K, reserved 1048576K
}
Event: 19.356 GC heap before
{Heap before GC invocations=14 (full 0):
 garbage-first heap   total 131072K, used 89671K [0x0000000701400000, 0x0000000800000000)
  region size 2048K, 15 young (30720K), 3 survivors (6144K)
 Metaspace       used 38913K, committed 39296K, reserved 1089536K
  class space    used 4933K, committed 5120K, reserved 1048576K
}
Event: 19.368 GC heap after
{Heap after GC invocations=15 (full 0):
 garbage-first heap   total 241664K, used 69889K [0x0000000701400000, 0x0000000800000000)
  region size 2048K, 1 young (2048K), 1 survivors (2048K)
 Metaspace       used 38913K, committed 39296K, reserved 1089536K
  class space    used 4933K, committed 5120K, reserved 1048576K
}
Event: 19.627 GC heap before
{Heap before GC invocations=15 (full 0):
 garbage-first heap   total 280576K, used 166145K [0x0000000701400000, 0x0000000800000000)
  region size 2048K, 49 young (100352K), 1 survivors (2048K)
 Metaspace       used 39001K, committed 39360K, reserved 1089536K
  class space    used 4944K, committed 5120K, reserved 1048576K
}
Event: 19.637 GC heap after
{Heap after GC invocations=16 (full 0):
 garbage-first heap   total 280576K, used 73804K [0x0000000701400000, 0x0000000800000000)
  region size 2048K, 3 young (6144K), 3 survivors (6144K)
 Metaspace       used 39001K, committed 39360K, reserved 1089536K
  class space    used 4944K, committed 5120K, reserved 1048576K
}
Event: 19.825 GC heap before
{Heap before GC invocations=17 (full 0):
 garbage-first heap   total 280576K, used 200780K [0x0000000701400000, 0x0000000800000000)
  region size 2048K, 66 young (135168K), 3 survivors (6144K)
 Metaspace       used 39098K, committed 39424K, reserved 1089536K
  class space    used 4959K, committed 5120K, reserved 1048576K
}
Event: 19.841 GC heap after
{Heap after GC invocations=18 (full 0):
 garbage-first heap   total 280576K, used 79584K [0x0000000701400000, 0x0000000800000000)
  region size 2048K, 6 young (12288K), 6 survivors (12288K)
 Metaspace       used 39098K, committed 39424K, reserved 1089536K
  class space    used 4959K, committed 5120K, reserved 1048576K
}
Event: 19.982 GC heap before
{Heap before GC invocations=18 (full 0):
 garbage-first heap   total 280576K, used 210656K [0x0000000701400000, 0x0000000800000000)
  region size 2048K, 71 young (145408K), 6 survivors (12288K)
 Metaspace       used 39107K, committed 39424K, reserved 1089536K
  class space    used 4962K, committed 5120K, reserved 1048576K
}
Event: 20.001 GC heap after
{Heap after GC invocations=19 (full 0):
 garbage-first heap   total 280576K, used 84473K [0x0000000701400000, 0x0000000800000000)
  region size 2048K, 6 young (12288K), 6 survivors (12288K)
 Metaspace       used 39107K, committed 39424K, reserved 1089536K
  class space    used 4962K, committed 5120K, reserved 1048576K
}
Event: 20.127 GC heap before
{Heap before GC invocations=19 (full 0):
 garbage-first heap   total 280576K, used 217593K [0x0000000701400000, 0x0000000800000000)
  region size 2048K, 72 young (147456K), 6 survivors (12288K)
 Metaspace       used 39107K, committed 39424K, reserved 1089536K
  class space    used 4963K, committed 5120K, reserved 1048576K
}
Event: 20.145 GC heap after
{Heap after GC invocations=20 (full 0):
 garbage-first heap   total 280576K, used 90270K [0x0000000701400000, 0x0000000800000000)
  region size 2048K, 6 young (12288K), 6 survivors (12288K)
 Metaspace       used 39107K, committed 39424K, reserved 1089536K
  class space    used 4963K, committed 5120K, reserved 1048576K
}
Event: 20.258 GC heap before
{Heap before GC invocations=20 (full 0):
 garbage-first heap   total 280576K, used 221342K [0x0000000701400000, 0x0000000800000000)
  region size 2048K, 71 young (145408K), 6 survivors (12288K)
 Metaspace       used 39206K, committed 39552K, reserved 1089536K
  class space    used 4971K, committed 5120K, reserved 1048576K
}
Event: 20.282 GC heap after
{Heap after GC invocations=21 (full 0):
 garbage-first heap   total 563200K, used 96564K [0x0000000701400000, 0x0000000800000000)
  region size 2048K, 6 young (12288K), 6 survivors (12288K)
 Metaspace       used 39206K, committed 39552K, reserved 1089536K
  class space    used 4971K, committed 5120K, reserved 1048576K
}
Event: 20.709 GC heap before
{Heap before GC invocations=21 (full 0):
 garbage-first heap   total 563200K, used 422196K [0x0000000701400000, 0x0000000800000000)
  region size 2048K, 165 young (337920K), 6 survivors (12288K)
 Metaspace       used 39889K, committed 40256K, reserved 1089536K
  class space    used 4997K, committed 5184K, reserved 1048576K
}
Event: 20.732 GC heap after
{Heap after GC invocations=22 (full 0):
 garbage-first heap   total 563200K, used 112687K [0x0000000701400000, 0x0000000800000000)
  region size 2048K, 13 young (26624K), 13 survivors (26624K)
 Metaspace       used 39889K, committed 40256K, reserved 1089536K
  class space    used 4997K, committed 5184K, reserved 1048576K
}
Event: 20.993 GC heap before
{Heap before GC invocations=22 (full 0):
 garbage-first heap   total 563200K, used 421935K [0x0000000701400000, 0x0000000800000000)
  region size 2048K, 165 young (337920K), 13 survivors (26624K)
 Metaspace       used 40282K, committed 40640K, reserved 1089536K
  class space    used 5021K, committed 5184K, reserved 1048576K
}
Event: 21.025 GC heap after
{Heap after GC invocations=23 (full 0):
 garbage-first heap   total 563200K, used 126490K [0x0000000701400000, 0x0000000800000000)
  region size 2048K, 17 young (34816K), 17 survivors (34816K)
 Metaspace       used 40282K, committed 40640K, reserved 1089536K
  class space    used 5021K, committed 5184K, reserved 1048576K
}
Event: 21.553 GC heap before
{Heap before GC invocations=23 (full 0):
 garbage-first heap   total 563200K, used 427546K [0x0000000701400000, 0x0000000800000000)
  region size 2048K, 165 young (337920K), 17 survivors (34816K)
 Metaspace       used 41651K, committed 41984K, reserved 1089536K
  class space    used 5147K, committed 5312K, reserved 1048576K
}
Event: 21.583 GC heap after
{Heap after GC invocations=24 (full 0):
 garbage-first heap   total 563200K, used 148194K [0x0000000701400000, 0x0000000800000000)
  region size 2048K, 18 young (36864K), 18 survivors (36864K)
 Metaspace       used 41651K, committed 41984K, reserved 1089536K
  class space    used 5147K, committed 5312K, reserved 1048576K
}
Event: 22.692 GC heap before
{Heap before GC invocations=24 (full 0):
 garbage-first heap   total 563200K, used 447202K [0x0000000701400000, 0x0000000800000000)
  region size 2048K, 165 young (337920K), 18 survivors (36864K)
 Metaspace       used 43559K, committed 43968K, reserved 1089536K
  class space    used 5397K, committed 5568K, reserved 1048576K
}

