# JRE version: OpenJDK Runtime Environment Temurin-17.0.4.1+1 (17.0.4.1+1) (build 17.0.4.1+1)
# Java VM: OpenJDK 64-Bit Server VM Temurin-17.0.4.1+1 (17.0.4.1+1, mixed mode, tiered, compressed oops, compressed class ptrs, parallel gc, windows-amd64)
GC Precious Log:
 CPUs: 8 total, 8 available
 Memory: 16299M
 Large Page Support: Disabled
 NUMA Support: Disabled
 Compressed Oops: Enabled (32-bit)
 Alignments: Space 512K, Generation 512K, Heap 2M
 Heap Min Capacity: 100M
 Heap Initial Capacity: 100M
 Heap Max Capacity: 1G
 Pre-touch: Disabled
 Parallel Workers: 8
Heap:
 PSYoungGen      total 18944K, used 8641K [0x00000000eab00000, 0x00000000ecb80000, 0x0000000100000000)
  eden space 18432K, 44% used [0x00000000eab00000,0x00000000eb2f07c0,0x00000000ebd00000)
  from space 512K, 100% used [0x00000000ec300000,0x00000000ec380000,0x00000000ec380000)
  to   space 6144K, 0% used [0x00000000ebd00000,0x00000000ebd00000,0x00000000ec300000)
 ParOldGen       total 68608K, used 23139K [0x00000000c0000000, 0x00000000c4300000, 0x00000000eab00000)
  object space 68608K, 33% used [0x00000000c0000000,0x00000000c1698f40,0x00000000c4300000)
 Metaspace       used 44484K, committed 45376K, reserved 1089536K
  class space    used 4765K, committed 5184K, reserved 1048576K
GC Heap History (20 events):
Event: 5.702 GC heap before
{Heap before GC invocations=7 (full 1):
 PSYoungGen      total 27648K, used 27462K [0x00000000eab00000, 0x00000000eca80000, 0x0000000100000000)
  eden space 25088K, 99% used [0x00000000eab00000,0x00000000ec3696b0,0x00000000ec380000)
  from space 2560K, 96% used [0x00000000ec400000,0x00000000ec668518,0x00000000ec680000)
  to   space 3584K, 0% used [0x00000000ec700000,0x00000000ec700000,0x00000000eca80000)
 ParOldGen       total 68608K, used 8659K [0x00000000c0000000, 0x00000000c4300000, 0x00000000eab00000)
  object space 68608K, 12% used [0x00000000c0000000,0x00000000c0874df8,0x00000000c4300000)
 Metaspace       used 26355K, committed 27008K, reserved 1081344K
  class space    used 2630K, committed 2944K, reserved 1048576K
}
Event: 5.705 GC heap after
{Heap after GC invocations=7 (full 1):
 PSYoungGen      total 28160K, used 3553K [0x00000000eab00000, 0x00000000ecb00000, 0x0000000100000000)
  eden space 24576K, 0% used [0x00000000eab00000,0x00000000eab00000,0x00000000ec300000)
  from space 3584K, 99% used [0x00000000ec700000,0x00000000eca787a0,0x00000000eca80000)
  to   space 4096K, 0% used [0x00000000ec300000,0x00000000ec300000,0x00000000ec700000)
 ParOldGen       total 68608K, used 8851K [0x00000000c0000000, 0x00000000c4300000, 0x00000000eab00000)
  object space 68608K, 12% used [0x00000000c0000000,0x00000000c08a4df8,0x00000000c4300000)
 Metaspace       used 26355K, committed 27008K, reserved 1081344K
  class space    used 2630K, committed 2944K, reserved 1048576K
}
Event: 5.998 GC heap before
{Heap before GC invocations=8 (full 1):
 PSYoungGen      total 28160K, used 28129K [0x00000000eab00000, 0x00000000ecb00000, 0x0000000100000000)
  eden space 24576K, 100% used [0x00000000eab00000,0x00000000ec300000,0x00000000ec300000)
  from space 3584K, 99% used [0x00000000ec700000,0x00000000eca787a0,0x00000000eca80000)
  to   space 4096K, 0% used [0x00000000ec300000,0x00000000ec300000,0x00000000ec700000)
 ParOldGen       total 68608K, used 8851K [0x00000000c0000000, 0x00000000c4300000, 0x00000000eab00000)
  object space 68608K, 12% used [0x00000000c0000000,0x00000000c08a4df8,0x00000000c4300000)
 Metaspace       used 29397K, committed 30016K, reserved 1081344K
  class space    used 2860K, committed 3136K, reserved 1048576K
}
Event: 6.002 GC heap after
{Heap after GC invocations=8 (full 1):
 PSYoungGen      total 28160K, used 4029K [0x00000000eab00000, 0x00000000ecb80000, 0x0000000100000000)
  eden space 24064K, 0% used [0x00000000eab00000,0x00000000eab00000,0x00000000ec280000)
  from space 4096K, 98% used [0x00000000ec300000,0x00000000ec6ef6d8,0x00000000ec700000)
  to   space 4608K, 0% used [0x00000000ec700000,0x00000000ec700000,0x00000000ecb80000)
 ParOldGen       total 68608K, used 8859K [0x00000000c0000000, 0x00000000c4300000, 0x00000000eab00000)
  object space 68608K, 12% used [0x00000000c0000000,0x00000000c08a6df8,0x00000000c4300000)
 Metaspace       used 29397K, committed 30016K, reserved 1081344K
  class space    used 2860K, committed 3136K, reserved 1048576K
}
Event: 6.495 GC heap before
{Heap before GC invocations=9 (full 1):
 PSYoungGen      total 28160K, used 28093K [0x00000000eab00000, 0x00000000ecb80000, 0x0000000100000000)
  eden space 24064K, 100% used [0x00000000eab00000,0x00000000ec280000,0x00000000ec280000)
  from space 4096K, 98% used [0x00000000ec300000,0x00000000ec6ef6d8,0x00000000ec700000)
  to   space 4608K, 0% used [0x00000000ec700000,0x00000000ec700000,0x00000000ecb80000)
 ParOldGen       total 68608K, used 8859K [0x00000000c0000000, 0x00000000c4300000, 0x00000000eab00000)
  object space 68608K, 12% used [0x00000000c0000000,0x00000000c08a6df8,0x00000000c4300000)
 Metaspace       used 31153K, committed 31872K, reserved 1081344K
  class space    used 3045K, committed 3328K, reserved 1048576K
}
Event: 6.503 GC heap after
{Heap after GC invocations=9 (full 1):
 PSYoungGen      total 25600K, used 4579K [0x00000000eab00000, 0x00000000ed100000, 0x0000000100000000)
  eden space 20992K, 0% used [0x00000000eab00000,0x00000000eab00000,0x00000000ebf80000)
  from space 4608K, 99% used [0x00000000ec700000,0x00000000ecb78f88,0x00000000ecb80000)
  to   space 7680K, 0% used [0x00000000ebf80000,0x00000000ebf80000,0x00000000ec700000)
 ParOldGen       total 68608K, used 11123K [0x00000000c0000000, 0x00000000c4300000, 0x00000000eab00000)
  object space 68608K, 16% used [0x00000000c0000000,0x00000000c0adce08,0x00000000c4300000)
 Metaspace       used 31153K, committed 31872K, reserved 1081344K
  class space    used 3045K, committed 3328K, reserved 1048576K
}
Event: 6.965 GC heap before
{Heap before GC invocations=10 (full 1):
 PSYoungGen      total 25600K, used 25571K [0x00000000eab00000, 0x00000000ed100000, 0x0000000100000000)
  eden space 20992K, 100% used [0x00000000eab00000,0x00000000ebf80000,0x00000000ebf80000)
  from space 4608K, 99% used [0x00000000ec700000,0x00000000ecb78f88,0x00000000ecb80000)
  to   space 7680K, 0% used [0x00000000ebf80000,0x00000000ebf80000,0x00000000ec700000)
 ParOldGen       total 68608K, used 11123K [0x00000000c0000000, 0x00000000c4300000, 0x00000000eab00000)
  object space 68608K, 16% used [0x00000000c0000000,0x00000000c0adce08,0x00000000c4300000)
 Metaspace       used 34821K, committed 35648K, reserved 1081344K
  class space    used 3509K, committed 3904K, reserved 1048576K
}
Event: 6.972 GC heap after
{Heap after GC invocations=10 (full 1):
 PSYoungGen      total 24576K, used 3305K [0x00000000eab00000, 0x00000000ec880000, 0x0000000100000000)
  eden space 20992K, 0% used [0x00000000eab00000,0x00000000eab00000,0x00000000ebf80000)
  from space 3584K, 92% used [0x00000000ebf80000,0x00000000ec2ba408,0x00000000ec300000)
  to   space 4608K, 0% used [0x00000000ec400000,0x00000000ec400000,0x00000000ec880000)
 ParOldGen       total 68608K, used 13688K [0x00000000c0000000, 0x00000000c4300000, 0x00000000eab00000)
  object space 68608K, 19% used [0x00000000c0000000,0x00000000c0d5e388,0x00000000c4300000)
 Metaspace       used 34821K, committed 35648K, reserved 1081344K
  class space    used 3509K, committed 3904K, reserved 1048576K
}
Event: 6.984 GC heap before
{Heap before GC invocations=11 (full 1):
 PSYoungGen      total 24576K, used 4443K [0x00000000eab00000, 0x00000000ec880000, 0x0000000100000000)
  eden space 20992K, 5% used [0x00000000eab00000,0x00000000eac1cb08,0x00000000ebf80000)
  from space 3584K, 92% used [0x00000000ebf80000,0x00000000ec2ba408,0x00000000ec300000)
  to   space 4608K, 0% used [0x00000000ec400000,0x00000000ec400000,0x00000000ec880000)
 ParOldGen       total 68608K, used 13688K [0x00000000c0000000, 0x00000000c4300000, 0x00000000eab00000)
  object space 68608K, 19% used [0x00000000c0000000,0x00000000c0d5e388,0x00000000c4300000)
 Metaspace       used 35036K, committed 35840K, reserved 1081344K
  class space    used 3531K, committed 3904K, reserved 1048576K
}
Event: 6.989 GC heap after
{Heap after GC invocations=11 (full 1):
 PSYoungGen      total 22528K, used 1337K [0x00000000eab00000, 0x00000000ec580000, 0x0000000100000000)
  eden space 20992K, 0% used [0x00000000eab00000,0x00000000eab00000,0x00000000ebf80000)
  from space 1536K, 87% used [0x00000000ec400000,0x00000000ec54e640,0x00000000ec580000)
  to   space 2560K, 0% used [0x00000000ec080000,0x00000000ec080000,0x00000000ec300000)
 ParOldGen       total 68608K, used 15688K [0x00000000c0000000, 0x00000000c4300000, 0x00000000eab00000)
  object space 68608K, 22% used [0x00000000c0000000,0x00000000c0f52238,0x00000000c4300000)
 Metaspace       used 35036K, committed 35840K, reserved 1081344K
  class space    used 3531K, committed 3904K, reserved 1048576K
}
Event: 6.989 GC heap before
{Heap before GC invocations=12 (full 2):
 PSYoungGen      total 22528K, used 1337K [0x00000000eab00000, 0x00000000ec580000, 0x0000000100000000)
  eden space 20992K, 0% used [0x00000000eab00000,0x00000000eab00000,0x00000000ebf80000)
  from space 1536K, 87% used [0x00000000ec400000,0x00000000ec54e640,0x00000000ec580000)
  to   space 2560K, 0% used [0x00000000ec080000,0x00000000ec080000,0x00000000ec300000)
 ParOldGen       total 68608K, used 15688K [0x00000000c0000000, 0x00000000c4300000, 0x00000000eab00000)
  object space 68608K, 22% used [0x00000000c0000000,0x00000000c0f52238,0x00000000c4300000)
 Metaspace       used 35036K, committed 35840K, reserved 1081344K
  class space    used 3531K, committed 3904K, reserved 1048576K
}
Event: 7.060 GC heap after
{Heap after GC invocations=12 (full 2):
 PSYoungGen      total 22528K, used 0K [0x00000000eab00000, 0x00000000ec580000, 0x0000000100000000)
  eden space 20992K, 0% used [0x00000000eab00000,0x00000000eab00000,0x00000000ebf80000)
  from space 1536K, 0% used [0x00000000ec400000,0x00000000ec400000,0x00000000ec580000)
  to   space 2560K, 0% used [0x00000000ec080000,0x00000000ec080000,0x00000000ec300000)
 ParOldGen       total 68608K, used 16696K [0x00000000c0000000, 0x00000000c4300000, 0x00000000eab00000)
  object space 68608K, 24% used [0x00000000c0000000,0x00000000c104e3c0,0x00000000c4300000)
 Metaspace       used 35036K, committed 35840K, reserved 1081344K
  class space    used 3531K, committed 3904K, reserved 1048576K
}
Event: 7.416 GC heap before
{Heap before GC invocations=13 (full 2):
 PSYoungGen      total 22528K, used 20992K [0x00000000eab00000, 0x00000000ec580000, 0x0000000100000000)
  eden space 20992K, 100% used [0x00000000eab00000,0x00000000ebf80000,0x00000000ebf80000)
  from space 1536K, 0% used [0x00000000ec400000,0x00000000ec400000,0x00000000ec580000)
  to   space 2560K, 0% used [0x00000000ec080000,0x00000000ec080000,0x00000000ec300000)
 ParOldGen       total 68608K, used 16696K [0x00000000c0000000, 0x00000000c4300000, 0x00000000eab00000)
  object space 68608K, 24% used [0x00000000c0000000,0x00000000c104e3c0,0x00000000c4300000)
 Metaspace       used 37157K, committed 38016K, reserved 1089536K
  class space    used 3818K, committed 4224K, reserved 1048576K
}
Event: 7.419 GC heap after
{Heap after GC invocations=13 (full 2):
 PSYoungGen      total 23552K, used 1135K [0x00000000eab00000, 0x00000000ec480000, 0x0000000100000000)
  eden space 20992K, 0% used [0x00000000eab00000,0x00000000eab00000,0x00000000ebf80000)
  from space 2560K, 44% used [0x00000000ec080000,0x00000000ec19bed0,0x00000000ec300000)
  to   space 1536K, 0% used [0x00000000ec300000,0x00000000ec300000,0x00000000ec480000)
 ParOldGen       total 68608K, used 16704K [0x00000000c0000000, 0x00000000c4300000, 0x00000000eab00000)
  object space 68608K, 24% used [0x00000000c0000000,0x00000000c10503c0,0x00000000c4300000)
 Metaspace       used 37157K, committed 38016K, reserved 1089536K
  class space    used 3818K, committed 4224K, reserved 1048576K
}
Event: 7.784 GC heap before
{Heap before GC invocations=14 (full 2):
 PSYoungGen      total 23552K, used 22120K [0x00000000eab00000, 0x00000000ec480000, 0x0000000100000000)
  eden space 20992K, 99% used [0x00000000eab00000,0x00000000ebf7e338,0x00000000ebf80000)
  from space 2560K, 44% used [0x00000000ec080000,0x00000000ec19bed0,0x00000000ec300000)
  to   space 1536K, 0% used [0x00000000ec300000,0x00000000ec300000,0x00000000ec480000)
 ParOldGen       total 68608K, used 16704K [0x00000000c0000000, 0x00000000c4300000, 0x00000000eab00000)
  object space 68608K, 24% used [0x00000000c0000000,0x00000000c10503c0,0x00000000c4300000)
 Metaspace       used 39390K, committed 40256K, reserved 1089536K
  class space    used 4122K, committed 4544K, reserved 1048576K
}
Event: 7.787 GC heap after
{Heap after GC invocations=14 (full 2):
 PSYoungGen      total 22016K, used 800K [0x00000000eab00000, 0x00000000ec400000, 0x0000000100000000)
  eden space 20992K, 0% used [0x00000000eab00000,0x00000000eab00000,0x00000000ebf80000)
  from space 1024K, 78% used [0x00000000ec300000,0x00000000ec3c8000,0x00000000ec400000)
  to   space 1024K, 0% used [0x00000000ec200000,0x00000000ec200000,0x00000000ec300000)
 ParOldGen       total 68608K, used 17621K [0x00000000c0000000, 0x00000000c4300000, 0x00000000eab00000)
  object space 68608K, 25% used [0x00000000c0000000,0x00000000c1135708,0x00000000c4300000)
 Metaspace       used 39390K, committed 40256K, reserved 1089536K
  class space    used 4122K, committed 4544K, reserved 1048576K
}
Event: 8.301 GC heap before
{Heap before GC invocations=15 (full 2):
 PSYoungGen      total 22016K, used 21792K [0x00000000eab00000, 0x00000000ec400000, 0x0000000100000000)
  eden space 20992K, 100% used [0x00000000eab00000,0x00000000ebf80000,0x00000000ebf80000)
  from space 1024K, 78% used [0x00000000ec300000,0x00000000ec3c8000,0x00000000ec400000)
  to   space 1024K, 0% used [0x00000000ec200000,0x00000000ec200000,0x00000000ec300000)
 ParOldGen       total 68608K, used 17621K [0x00000000c0000000, 0x00000000c4300000, 0x00000000eab00000)
  object space 68608K, 25% used [0x00000000c0000000,0x00000000c1135708,0x00000000c4300000)
 Metaspace       used 41979K, committed 42816K, reserved 1089536K
  class space    used 4429K, committed 4800K, reserved 1048576K
}
Event: 8.305 GC heap after
{Heap after GC invocations=15 (full 2):
 PSYoungGen      total 22016K, used 1020K [0x00000000eab00000, 0x00000000ec380000, 0x0000000100000000)
  eden space 20992K, 0% used [0x00000000eab00000,0x00000000eab00000,0x00000000ebf80000)
  from space 1024K, 99% used [0x00000000ec200000,0x00000000ec2ff0c8,0x00000000ec300000)
  to   space 512K, 0% used [0x00000000ec300000,0x00000000ec300000,0x00000000ec380000)
 ParOldGen       total 68608K, used 18324K [0x00000000c0000000, 0x00000000c4300000, 0x00000000eab00000)
  object space 68608K, 26% used [0x00000000c0000000,0x00000000c11e52a0,0x00000000c4300000)
 Metaspace       used 41979K, committed 42816K, reserved 1089536K
  class space    used 4429K, committed 4800K, reserved 1048576K
}
Event: 8.660 GC heap before
{Heap before GC invocations=16 (full 2):
 PSYoungGen      total 22016K, used 22012K [0x00000000eab00000, 0x00000000ec380000, 0x0000000100000000)
  eden space 20992K, 100% used [0x00000000eab00000,0x00000000ebf80000,0x00000000ebf80000)
  from space 1024K, 99% used [0x00000000ec200000,0x00000000ec2ff0c8,0x00000000ec300000)
  to   space 512K, 0% used [0x00000000ec300000,0x00000000ec300000,0x00000000ec380000)
 ParOldGen       total 68608K, used 18324K [0x00000000c0000000, 0x00000000c4300000, 0x00000000eab00000)
  object space 68608K, 26% used [0x00000000c0000000,0x00000000c11e52a0,0x00000000c4300000)
 Metaspace       used 43635K, committed 44544K, reserved 1089536K
  class space    used 4654K, committed 5056K, reserved 1048576K
}
Event: 8.667 GC heap after
{Heap after GC invocations=16 (full 2):
 PSYoungGen      total 18944K, used 512K [0x00000000eab00000, 0x00000000ecb80000, 0x0000000100000000)
  eden space 18432K, 0% used [0x00000000eab00000,0x00000000eab00000,0x00000000ebd00000)
  from space 512K, 100% used [0x00000000ec300000,0x00000000ec380000,0x00000000ec380000)
  to   space 6144K, 0% used [0x00000000ebd00000,0x00000000ebd00000,0x00000000ec300000)
 ParOldGen       total 68608K, used 23139K [0x00000000c0000000, 0x00000000c4300000, 0x00000000eab00000)
  object space 68608K, 33% used [0x00000000c0000000,0x00000000c1698f40,0x00000000c4300000)
 Metaspace       used 43635K, committed 44544K, reserved 1089536K
  class space    used 4654K, committed 5056K, reserved 1048576K
}

