# JRE version: OpenJDK Runtime Environment Temurin-17.0.4.1+1 (17.0.4.1+1) (build 17.0.4.1+1)
# Java VM: OpenJDK 64-Bit Server VM Temurin-17.0.4.1+1 (17.0.4.1+1, mixed mode, tiered, compressed oops, compressed class ptrs, parallel gc, windows-amd64)
GC Precious Log:
 CPUs: 8 total, 8 available
 Memory: 16299M
 Large Page Support: Disabled
 NUMA Support: Disabled
 Compressed Oops: Enabled (32-bit)
 Alignments: Space 512K, Generation 512K, Heap 2M
 Heap Min Capacity: 100M
 Heap Initial Capacity: 100M
 Heap Max Capacity: 1G
 Pre-touch: Disabled
 Parallel Workers: 8
Heap:
 PSYoungGen      total 15872K, used 12851K [0x00000000eab00000, 0x00000000ebd00000, 0x0000000100000000)
  eden space 14848K, 79% used [0x00000000eab00000,0x00000000eb68ce48,0x00000000eb980000)
  from space 1024K, 100% used [0x00000000ebb00000,0x00000000ebc00000,0x00000000ebc00000)
  to   space 1536K, 0% used [0x00000000eb980000,0x00000000eb980000,0x00000000ebb00000)
 ParOldGen       total 68608K, used 48237K [0x00000000c0000000, 0x00000000c4300000, 0x00000000eab00000)
  object space 68608K, 70% used [0x00000000c0000000,0x00000000c2f1b6b8,0x00000000c4300000)
 Metaspace       used 59178K, committed 60288K, reserved 1105920K
  class space    used 6301K, committed 6848K, reserved 1048576K
GC Heap History (20 events):
Event: 69.453 GC heap before
{Heap before GC invocations=48 (full 2):
 PSYoungGen      total 16384K, used 16059K [0x00000000eab00000, 0x00000000ebf00000, 0x0000000100000000)
  eden space 15360K, 100% used [0x00000000eab00000,0x00000000eba00000,0x00000000eba00000)
  from space 1024K, 68% used [0x00000000eba00000,0x00000000ebaaee50,0x00000000ebb00000)
  to   space 2048K, 0% used [0x00000000ebd00000,0x00000000ebd00000,0x00000000ebf00000)
 ParOldGen       total 68608K, used 49449K [0x00000000c0000000, 0x00000000c4300000, 0x00000000eab00000)
  object space 68608K, 72% used [0x00000000c0000000,0x00000000c304a7a0,0x00000000c4300000)
 Metaspace       used 54820K, committed 55808K, reserved 1105920K
  class space    used 5935K, committed 6400K, reserved 1048576K
}
Event: 69.455 GC heap after
{Heap after GC invocations=48 (full 2):
 PSYoungGen      total 16896K, used 1081K [0x00000000eab00000, 0x00000000ebe80000, 0x0000000100000000)
  eden space 15360K, 0% used [0x00000000eab00000,0x00000000eab00000,0x00000000eba00000)
  from space 1536K, 70% used [0x00000000ebd00000,0x00000000ebe0e508,0x00000000ebe80000)
  to   space 1536K, 0% used [0x00000000ebb80000,0x00000000ebb80000,0x00000000ebd00000)
 ParOldGen       total 68608K, used 50034K [0x00000000c0000000, 0x00000000c4300000, 0x00000000eab00000)
  object space 68608K, 72% used [0x00000000c0000000,0x00000000c30dc9e0,0x00000000c4300000)
 Metaspace       used 54820K, committed 55808K, reserved 1105920K
  class space    used 5935K, committed 6400K, reserved 1048576K
}
Event: 70.174 GC heap before
{Heap before GC invocations=49 (full 2):
 PSYoungGen      total 16896K, used 16441K [0x00000000eab00000, 0x00000000ebe80000, 0x0000000100000000)
  eden space 15360K, 100% used [0x00000000eab00000,0x00000000eba00000,0x00000000eba00000)
  from space 1536K, 70% used [0x00000000ebd00000,0x00000000ebe0e508,0x00000000ebe80000)
  to   space 1536K, 0% used [0x00000000ebb80000,0x00000000ebb80000,0x00000000ebd00000)
 ParOldGen       total 68608K, used 50034K [0x00000000c0000000, 0x00000000c4300000, 0x00000000eab00000)
  object space 68608K, 72% used [0x00000000c0000000,0x00000000c30dc9e0,0x00000000c4300000)
 Metaspace       used 56662K, committed 57664K, reserved 1105920K
  class space    used 6110K, committed 6592K, reserved 1048576K
}
Event: 70.177 GC heap after
{Heap after GC invocations=49 (full 2):
 PSYoungGen      total 16384K, used 831K [0x00000000eab00000, 0x00000000ebd80000, 0x0000000100000000)
  eden space 15360K, 0% used [0x00000000eab00000,0x00000000eab00000,0x00000000eba00000)
  from space 1024K, 81% used [0x00000000ebb80000,0x00000000ebc4fda0,0x00000000ebc80000)
  to   space 1024K, 0% used [0x00000000ebc80000,0x00000000ebc80000,0x00000000ebd80000)
 ParOldGen       total 68608K, used 50058K [0x00000000c0000000, 0x00000000c4300000, 0x00000000eab00000)
  object space 68608K, 72% used [0x00000000c0000000,0x00000000c30e29e0,0x00000000c4300000)
 Metaspace       used 56662K, committed 57664K, reserved 1105920K
  class space    used 6110K, committed 6592K, reserved 1048576K
}
Event: 71.009 GC heap before
{Heap before GC invocations=50 (full 2):
 PSYoungGen      total 16384K, used 16191K [0x00000000eab00000, 0x00000000ebd80000, 0x0000000100000000)
  eden space 15360K, 100% used [0x00000000eab00000,0x00000000eba00000,0x00000000eba00000)
  from space 1024K, 81% used [0x00000000ebb80000,0x00000000ebc4fda0,0x00000000ebc80000)
  to   space 1024K, 0% used [0x00000000ebc80000,0x00000000ebc80000,0x00000000ebd80000)
 ParOldGen       total 68608K, used 50058K [0x00000000c0000000, 0x00000000c4300000, 0x00000000eab00000)
  object space 68608K, 72% used [0x00000000c0000000,0x00000000c30e29e0,0x00000000c4300000)
 Metaspace       used 57365K, committed 58368K, reserved 1105920K
  class space    used 6175K, committed 6656K, reserved 1048576K
}
Event: 71.012 GC heap after
{Heap after GC invocations=50 (full 2):
 PSYoungGen      total 16384K, used 997K [0x00000000eab00000, 0x00000000ebf00000, 0x0000000100000000)
  eden space 15360K, 0% used [0x00000000eab00000,0x00000000eab00000,0x00000000eba00000)
  from space 1024K, 97% used [0x00000000ebc80000,0x00000000ebd79730,0x00000000ebd80000)
  to   space 2560K, 0% used [0x00000000eba00000,0x00000000eba00000,0x00000000ebc80000)
 ParOldGen       total 68608K, used 50986K [0x00000000c0000000, 0x00000000c4300000, 0x00000000eab00000)
  object space 68608K, 74% used [0x00000000c0000000,0x00000000c31caad8,0x00000000c4300000)
 Metaspace       used 57365K, committed 58368K, reserved 1105920K
  class space    used 6175K, committed 6656K, reserved 1048576K
}
Event: 72.676 GC heap before
{Heap before GC invocations=51 (full 2):
 PSYoungGen      total 16384K, used 16357K [0x00000000eab00000, 0x00000000ebf00000, 0x0000000100000000)
  eden space 15360K, 100% used [0x00000000eab00000,0x00000000eba00000,0x00000000eba00000)
  from space 1024K, 97% used [0x00000000ebc80000,0x00000000ebd79730,0x00000000ebd80000)
  to   space 2560K, 0% used [0x00000000eba00000,0x00000000eba00000,0x00000000ebc80000)
 ParOldGen       total 68608K, used 50986K [0x00000000c0000000, 0x00000000c4300000, 0x00000000eab00000)
  object space 68608K, 74% used [0x00000000c0000000,0x00000000c31caad8,0x00000000c4300000)
 Metaspace       used 57716K, committed 58816K, reserved 1105920K
  class space    used 6193K, committed 6720K, reserved 1048576K
}
Event: 72.683 GC heap after
{Heap after GC invocations=51 (full 2):
 PSYoungGen      total 17408K, used 1920K [0x00000000eab00000, 0x00000000ebe00000, 0x0000000100000000)
  eden space 15360K, 0% used [0x00000000eab00000,0x00000000eab00000,0x00000000eba00000)
  from space 2048K, 93% used [0x00000000eba00000,0x00000000ebbe0000,0x00000000ebc00000)
  to   space 2048K, 0% used [0x00000000ebc00000,0x00000000ebc00000,0x00000000ebe00000)
 ParOldGen       total 68608K, used 51968K [0x00000000c0000000, 0x00000000c4300000, 0x00000000eab00000)
  object space 68608K, 75% used [0x00000000c0000000,0x00000000c32c00a0,0x00000000c4300000)
 Metaspace       used 57716K, committed 58816K, reserved 1105920K
  class space    used 6193K, committed 6720K, reserved 1048576K
}
Event: 72.955 GC heap before
{Heap before GC invocations=52 (full 2):
 PSYoungGen      total 17408K, used 17280K [0x00000000eab00000, 0x00000000ebe00000, 0x0000000100000000)
  eden space 15360K, 100% used [0x00000000eab00000,0x00000000eba00000,0x00000000eba00000)
  from space 2048K, 93% used [0x00000000eba00000,0x00000000ebbe0000,0x00000000ebc00000)
  to   space 2048K, 0% used [0x00000000ebc00000,0x00000000ebc00000,0x00000000ebe00000)
 ParOldGen       total 68608K, used 51968K [0x00000000c0000000, 0x00000000c4300000, 0x00000000eab00000)
  object space 68608K, 75% used [0x00000000c0000000,0x00000000c32c00a0,0x00000000c4300000)
 Metaspace       used 57829K, committed 58880K, reserved 1105920K
  class space    used 6195K, committed 6720K, reserved 1048576K
}
Event: 72.959 GC heap after
{Heap after GC invocations=52 (full 2):
 PSYoungGen      total 17408K, used 1344K [0x00000000eab00000, 0x00000000ebe00000, 0x0000000100000000)
  eden space 15360K, 0% used [0x00000000eab00000,0x00000000eab00000,0x00000000eba00000)
  from space 2048K, 65% used [0x00000000ebc00000,0x00000000ebd50000,0x00000000ebe00000)
  to   space 2048K, 0% used [0x00000000eba00000,0x00000000eba00000,0x00000000ebc00000)
 ParOldGen       total 68608K, used 53672K [0x00000000c0000000, 0x00000000c4300000, 0x00000000eab00000)
  object space 68608K, 78% used [0x00000000c0000000,0x00000000c346a0b0,0x00000000c4300000)
 Metaspace       used 57829K, committed 58880K, reserved 1105920K
  class space    used 6195K, committed 6720K, reserved 1048576K
}
Event: 74.200 GC heap before
{Heap before GC invocations=53 (full 2):
 PSYoungGen      total 17408K, used 16704K [0x00000000eab00000, 0x00000000ebe00000, 0x0000000100000000)
  eden space 15360K, 100% used [0x00000000eab00000,0x00000000eba00000,0x00000000eba00000)
  from space 2048K, 65% used [0x00000000ebc00000,0x00000000ebd50000,0x00000000ebe00000)
  to   space 2048K, 0% used [0x00000000eba00000,0x00000000eba00000,0x00000000ebc00000)
 ParOldGen       total 68608K, used 53672K [0x00000000c0000000, 0x00000000c4300000, 0x00000000eab00000)
  object space 68608K, 78% used [0x00000000c0000000,0x00000000c346a0b0,0x00000000c4300000)
 Metaspace       used 58076K, committed 59072K, reserved 1105920K
  class space    used 6215K, committed 6720K, reserved 1048576K
}
Event: 74.204 GC heap after
{Heap after GC invocations=53 (full 2):
 PSYoungGen      total 16896K, used 1312K [0x00000000eab00000, 0x00000000ebd00000, 0x0000000100000000)
  eden space 15360K, 0% used [0x00000000eab00000,0x00000000eab00000,0x00000000eba00000)
  from space 1536K, 85% used [0x00000000eba00000,0x00000000ebb48000,0x00000000ebb80000)
  to   space 1536K, 0% used [0x00000000ebb80000,0x00000000ebb80000,0x00000000ebd00000)
 ParOldGen       total 68608K, used 54712K [0x00000000c0000000, 0x00000000c4300000, 0x00000000eab00000)
  object space 68608K, 79% used [0x00000000c0000000,0x00000000c356e0b0,0x00000000c4300000)
 Metaspace       used 58076K, committed 59072K, reserved 1105920K
  class space    used 6215K, committed 6720K, reserved 1048576K
}
Event: 75.801 GC heap before
{Heap before GC invocations=54 (full 2):
 PSYoungGen      total 16896K, used 16672K [0x00000000eab00000, 0x00000000ebd00000, 0x0000000100000000)
  eden space 15360K, 100% used [0x00000000eab00000,0x00000000eba00000,0x00000000eba00000)
  from space 1536K, 85% used [0x00000000eba00000,0x00000000ebb48000,0x00000000ebb80000)
  to   space 1536K, 0% used [0x00000000ebb80000,0x00000000ebb80000,0x00000000ebd00000)
 ParOldGen       total 68608K, used 54712K [0x00000000c0000000, 0x00000000c4300000, 0x00000000eab00000)
  object space 68608K, 79% used [0x00000000c0000000,0x00000000c356e0b0,0x00000000c4300000)
 Metaspace       used 58164K, committed 59200K, reserved 1105920K
  class space    used 6218K, committed 6720K, reserved 1048576K
}
Event: 75.803 GC heap after
{Heap after GC invocations=54 (full 2):
 PSYoungGen      total 16896K, used 1120K [0x00000000eab00000, 0x00000000ebd00000, 0x0000000100000000)
  eden space 15360K, 0% used [0x00000000eab00000,0x00000000eab00000,0x00000000eba00000)
  from space 1536K, 72% used [0x00000000ebb80000,0x00000000ebc98000,0x00000000ebd00000)
  to   space 1536K, 0% used [0x00000000eba00000,0x00000000eba00000,0x00000000ebb80000)
 ParOldGen       total 68608K, used 55909K [0x00000000c0000000, 0x00000000c4300000, 0x00000000eab00000)
  object space 68608K, 81% used [0x00000000c0000000,0x00000000c3699418,0x00000000c4300000)
 Metaspace       used 58164K, committed 59200K, reserved 1105920K
  class space    used 6218K, committed 6720K, reserved 1048576K
}
Event: 77.172 GC heap before
{Heap before GC invocations=55 (full 2):
 PSYoungGen      total 16896K, used 12445K [0x00000000eab00000, 0x00000000ebd00000, 0x0000000100000000)
  eden space 15360K, 73% used [0x00000000eab00000,0x00000000eb60f5c0,0x00000000eba00000)
  from space 1536K, 72% used [0x00000000ebb80000,0x00000000ebc98000,0x00000000ebd00000)
  to   space 1536K, 0% used [0x00000000eba00000,0x00000000eba00000,0x00000000ebb80000)
 ParOldGen       total 68608K, used 55909K [0x00000000c0000000, 0x00000000c4300000, 0x00000000eab00000)
  object space 68608K, 81% used [0x00000000c0000000,0x00000000c3699418,0x00000000c4300000)
 Metaspace       used 58749K, committed 59776K, reserved 1105920K
  class space    used 6264K, committed 6784K, reserved 1048576K
}
Event: 77.175 GC heap after
{Heap after GC invocations=55 (full 2):
 PSYoungGen      total 16384K, used 576K [0x00000000eab00000, 0x00000000ebc00000, 0x0000000100000000)
  eden space 15360K, 0% used [0x00000000eab00000,0x00000000eab00000,0x00000000eba00000)
  from space 1024K, 56% used [0x00000000eba00000,0x00000000eba90000,0x00000000ebb00000)
  to   space 1024K, 0% used [0x00000000ebb00000,0x00000000ebb00000,0x00000000ebc00000)
 ParOldGen       total 68608K, used 56909K [0x00000000c0000000, 0x00000000c4300000, 0x00000000eab00000)
  object space 68608K, 82% used [0x00000000c0000000,0x00000000c3793428,0x00000000c4300000)
 Metaspace       used 58749K, committed 59776K, reserved 1105920K
  class space    used 6264K, committed 6784K, reserved 1048576K
}
Event: 77.175 GC heap before
{Heap before GC invocations=56 (full 3):
 PSYoungGen      total 16384K, used 576K [0x00000000eab00000, 0x00000000ebc00000, 0x0000000100000000)
  eden space 15360K, 0% used [0x00000000eab00000,0x00000000eab00000,0x00000000eba00000)
  from space 1024K, 56% used [0x00000000eba00000,0x00000000eba90000,0x00000000ebb00000)
  to   space 1024K, 0% used [0x00000000ebb00000,0x00000000ebb00000,0x00000000ebc00000)
 ParOldGen       total 68608K, used 56909K [0x00000000c0000000, 0x00000000c4300000, 0x00000000eab00000)
  object space 68608K, 82% used [0x00000000c0000000,0x00000000c3793428,0x00000000c4300000)
 Metaspace       used 58749K, committed 59776K, reserved 1105920K
  class space    used 6264K, committed 6784K, reserved 1048576K
}
Event: 77.367 GC heap after
{Heap after GC invocations=56 (full 3):
 PSYoungGen      total 16384K, used 0K [0x00000000eab00000, 0x00000000ebc00000, 0x0000000100000000)
  eden space 15360K, 0% used [0x00000000eab00000,0x00000000eab00000,0x00000000eba00000)
  from space 1024K, 0% used [0x00000000eba00000,0x00000000eba00000,0x00000000ebb00000)
  to   space 1024K, 0% used [0x00000000ebb00000,0x00000000ebb00000,0x00000000ebc00000)
 ParOldGen       total 68608K, used 48093K [0x00000000c0000000, 0x00000000c4300000, 0x00000000eab00000)
  object space 68608K, 70% used [0x00000000c0000000,0x00000000c2ef76b8,0x00000000c4300000)
 Metaspace       used 58749K, committed 59776K, reserved 1105920K
  class space    used 6264K, committed 6784K, reserved 1048576K
}
Event: 79.546 GC heap before
{Heap before GC invocations=57 (full 3):
 PSYoungGen      total 16384K, used 15360K [0x00000000eab00000, 0x00000000ebc00000, 0x0000000100000000)
  eden space 15360K, 100% used [0x00000000eab00000,0x00000000eba00000,0x00000000eba00000)
  from space 1024K, 0% used [0x00000000eba00000,0x00000000eba00000,0x00000000ebb00000)
  to   space 1024K, 0% used [0x00000000ebb00000,0x00000000ebb00000,0x00000000ebc00000)
 ParOldGen       total 68608K, used 48093K [0x00000000c0000000, 0x00000000c4300000, 0x00000000eab00000)
  object space 68608K, 70% used [0x00000000c0000000,0x00000000c2ef76b8,0x00000000c4300000)
 Metaspace       used 59018K, committed 60096K, reserved 1105920K
  class space    used 6291K, committed 6848K, reserved 1048576K
}
Event: 79.549 GC heap after
{Heap after GC invocations=57 (full 3):
 PSYoungGen      total 15872K, used 1024K [0x00000000eab00000, 0x00000000ebd00000, 0x0000000100000000)
  eden space 14848K, 0% used [0x00000000eab00000,0x00000000eab00000,0x00000000eb980000)
  from space 1024K, 100% used [0x00000000ebb00000,0x00000000ebc00000,0x00000000ebc00000)
  to   space 1536K, 0% used [0x00000000eb980000,0x00000000eb980000,0x00000000ebb00000)
 ParOldGen       total 68608K, used 48237K [0x00000000c0000000, 0x00000000c4300000, 0x00000000eab00000)
  object space 68608K, 70% used [0x00000000c0000000,0x00000000c2f1b6b8,0x00000000c4300000)
 Metaspace       used 59018K, committed 60096K, reserved 1105920K
  class space    used 6291K, committed 6848K, reserved 1048576K
}

