# JRE version: OpenJDK Runtime Environment Temurin-17.0.4.1+1 (17.0.4.1+1) (build 17.0.4.1+1)
# Java VM: OpenJDK 64-Bit Server VM Temurin-17.0.4.1+1 (17.0.4.1+1, mixed mode, emulated-client, tiered, compressed oops, compressed class ptrs, g1 gc, windows-amd64)
GC Precious Log:
 CPUs: 8 total, 8 available
 Memory: 16299M
 Large Page Support: Disabled
 NUMA Support: Disabled
 Compressed Oops: Enabled (Zero based)
 Heap Region Size: 2M
 Heap Min Capacity: 8M
 Heap Initial Capacity: 256M
 Heap Max Capacity: 4076M
 Pre-touch: Disabled
 Parallel Workers: 8
 Concurrent Workers: 2
 Concurrent Refinement Workers: 8
 Periodic GC: Disabled
Heap:
 garbage-first heap   total 622592K, used 213380K [0x0000000701400000, 0x0000000800000000)
  region size 2048K, 17 young (34816K), 17 survivors (34816K)
 Metaspace       used 35838K, committed 36224K, reserved 1081344K
  class space    used 4642K, committed 4800K, reserved 1048576K
GC Heap History (20 events):
Event: 34.093 GC heap after
{Heap after GC invocations=17 (full 0):
 garbage-first heap   total 311296K, used 69708K [0x0000000701400000, 0x0000000800000000)
  region size 2048K, 6 young (12288K), 6 survivors (12288K)
 Metaspace       used 35611K, committed 36032K, reserved 1081344K
  class space    used 4609K, committed 4800K, reserved 1048576K
}
Event: 34.183 GC heap before
{Heap before GC invocations=17 (full 0):
 garbage-first heap   total 311296K, used 231500K [0x0000000701400000, 0x0000000800000000)
  region size 2048K, 86 young (176128K), 6 survivors (12288K)
 Metaspace       used 35611K, committed 36032K, reserved 1081344K
  class space    used 4609K, committed 4800K, reserved 1048576K
}
Event: 34.194 GC heap after
{Heap after GC invocations=18 (full 0):
 garbage-first heap   total 311296K, used 76165K [0x0000000701400000, 0x0000000800000000)
  region size 2048K, 9 young (18432K), 9 survivors (18432K)
 Metaspace       used 35611K, committed 36032K, reserved 1081344K
  class space    used 4609K, committed 4800K, reserved 1048576K
}
Event: 34.290 GC heap before
{Heap before GC invocations=18 (full 0):
 garbage-first heap   total 311296K, used 240005K [0x0000000701400000, 0x0000000800000000)
  region size 2048K, 91 young (186368K), 9 survivors (18432K)
 Metaspace       used 35611K, committed 36032K, reserved 1081344K
  class space    used 4609K, committed 4800K, reserved 1048576K
}
Event: 34.304 GC heap after
{Heap after GC invocations=19 (full 0):
 garbage-first heap   total 311296K, used 83766K [0x0000000701400000, 0x0000000800000000)
  region size 2048K, 8 young (16384K), 8 survivors (16384K)
 Metaspace       used 35611K, committed 36032K, reserved 1081344K
  class space    used 4609K, committed 4800K, reserved 1048576K
}
Event: 34.408 GC heap before
{Heap before GC invocations=19 (full 0):
 garbage-first heap   total 311296K, used 243510K [0x0000000701400000, 0x0000000800000000)
  region size 2048K, 87 young (178176K), 8 survivors (16384K)
 Metaspace       used 35611K, committed 36032K, reserved 1081344K
  class space    used 4609K, committed 4800K, reserved 1048576K
}
Event: 34.425 GC heap after
{Heap after GC invocations=20 (full 0):
 garbage-first heap   total 622592K, used 90371K [0x0000000701400000, 0x0000000800000000)
  region size 2048K, 7 young (14336K), 7 survivors (14336K)
 Metaspace       used 35611K, committed 36032K, reserved 1081344K
  class space    used 4609K, committed 4800K, reserved 1048576K
}
Event: 34.835 GC heap before
{Heap before GC invocations=20 (full 0):
 garbage-first heap   total 622592K, used 446723K [0x0000000701400000, 0x0000000800000000)
  region size 2048K, 182 young (372736K), 7 survivors (14336K)
 Metaspace       used 35611K, committed 36032K, reserved 1081344K
  class space    used 4609K, committed 4800K, reserved 1048576K
}
Event: 34.857 GC heap after
{Heap after GC invocations=21 (full 0):
 garbage-first heap   total 622592K, used 104305K [0x0000000701400000, 0x0000000800000000)
  region size 2048K, 14 young (28672K), 14 survivors (28672K)
 Metaspace       used 35611K, committed 36032K, reserved 1081344K
  class space    used 4609K, committed 4800K, reserved 1048576K
}
Event: 35.114 GC heap before
{Heap before GC invocations=21 (full 0):
 garbage-first heap   total 622592K, used 446321K [0x0000000701400000, 0x0000000800000000)
  region size 2048K, 182 young (372736K), 14 survivors (28672K)
 Metaspace       used 35611K, committed 36032K, reserved 1081344K
  class space    used 4609K, committed 4800K, reserved 1048576K
}
Event: 35.138 GC heap after
{Heap after GC invocations=22 (full 0):
 garbage-first heap   total 622592K, used 125276K [0x0000000701400000, 0x0000000800000000)
  region size 2048K, 21 young (43008K), 21 survivors (43008K)
 Metaspace       used 35611K, committed 36032K, reserved 1081344K
  class space    used 4609K, committed 4800K, reserved 1048576K
}
Event: 37.383 GC heap before
{Heap before GC invocations=22 (full 0):
 garbage-first heap   total 622592K, used 452956K [0x0000000701400000, 0x0000000800000000)
  region size 2048K, 182 young (372736K), 21 survivors (43008K)
 Metaspace       used 35744K, committed 36160K, reserved 1081344K
  class space    used 4618K, committed 4800K, reserved 1048576K
}
Event: 37.410 GC heap after
{Heap after GC invocations=23 (full 0):
 garbage-first heap   total 622592K, used 143616K [0x0000000701400000, 0x0000000800000000)
  region size 2048K, 20 young (40960K), 20 survivors (40960K)
 Metaspace       used 35744K, committed 36160K, reserved 1081344K
  class space    used 4618K, committed 4800K, reserved 1048576K
}
Event: 38.573 GC heap before
{Heap before GC invocations=23 (full 0):
 garbage-first heap   total 622592K, used 473344K [0x0000000701400000, 0x0000000800000000)
  region size 2048K, 182 young (372736K), 20 survivors (40960K)
 Metaspace       used 35745K, committed 36160K, reserved 1081344K
  class space    used 4618K, committed 4800K, reserved 1048576K
}
Event: 38.598 GC heap after
{Heap after GC invocations=24 (full 0):
 garbage-first heap   total 622592K, used 159801K [0x0000000701400000, 0x0000000800000000)
  region size 2048K, 18 young (36864K), 18 survivors (36864K)
 Metaspace       used 35745K, committed 36160K, reserved 1081344K
  class space    used 4618K, committed 4800K, reserved 1048576K
}
Event: 39.885 GC heap before
{Heap before GC invocations=24 (full 0):
 garbage-first heap   total 622592K, used 493625K [0x0000000701400000, 0x0000000800000000)
  region size 2048K, 182 young (372736K), 18 survivors (36864K)
 Metaspace       used 35836K, committed 36160K, reserved 1081344K
  class space    used 4641K, committed 4800K, reserved 1048576K
}
Event: 39.913 GC heap after
{Heap after GC invocations=25 (full 0):
 garbage-first heap   total 622592K, used 176965K [0x0000000701400000, 0x0000000800000000)
  region size 2048K, 17 young (34816K), 17 survivors (34816K)
 Metaspace       used 35836K, committed 36160K, reserved 1081344K
  class space    used 4641K, committed 4800K, reserved 1048576K
}
Event: 41.034 GC heap before
{Heap before GC invocations=25 (full 0):
 garbage-first heap   total 622592K, used 512837K [0x0000000701400000, 0x0000000800000000)
  region size 2048K, 182 young (372736K), 17 survivors (34816K)
 Metaspace       used 35838K, committed 36224K, reserved 1081344K
  class space    used 4642K, committed 4800K, reserved 1048576K
}
Event: 41.063 GC heap after
{Heap after GC invocations=26 (full 0):
 garbage-first heap   total 622592K, used 194502K [0x0000000701400000, 0x0000000800000000)
  region size 2048K, 17 young (34816K), 17 survivors (34816K)
 Metaspace       used 35838K, committed 36224K, reserved 1081344K
  class space    used 4642K, committed 4800K, reserved 1048576K
}
Event: 42.184 GC heap before
{Heap before GC invocations=26 (full 0):
 garbage-first heap   total 622592K, used 516038K [0x0000000701400000, 0x0000000800000000)
  region size 2048K, 174 young (356352K), 17 survivors (34816K)
 Metaspace       used 35838K, committed 36224K, reserved 1081344K
  class space    used 4642K, committed 4800K, reserved 1048576K
}

