# JRE version: OpenJDK Runtime Environment Temurin-17.0.4.1+1 (17.0.4.1+1) (build 17.0.4.1+1)
# Java VM: OpenJDK 64-Bit Server VM Temurin-17.0.4.1+1 (17.0.4.1+1, mixed mode, emulated-client, tiered, compressed oops, compressed class ptrs, g1 gc, windows-amd64)
GC Precious Log:
 CPUs: 8 total, 8 available
 Memory: 16299M
 Large Page Support: Disabled
 NUMA Support: Disabled
 Compressed Oops: Enabled (Zero based)
 Heap Region Size: 2M
 Heap Min Capacity: 8M
 Heap Initial Capacity: 256M
 Heap Max Capacity: 4076M
 Pre-touch: Disabled
 Parallel Workers: 8
 Concurrent Workers: 2
 Concurrent Refinement Workers: 8
 Periodic GC: Disabled
Heap:
 garbage-first heap   total 667648K, used 171234K [0x0000000701400000, 0x0000000800000000)
  region size 2048K, 3 young (6144K), 3 survivors (6144K)
 Metaspace       used 38880K, committed 39232K, reserved 1089536K
  class space    used 4904K, committed 5120K, reserved 1048576K
GC Heap History (20 events):
Event: 7.559 GC heap after
{Heap after GC invocations=13 (full 0):
 garbage-first heap   total 155648K, used 63409K [0x0000000701400000, 0x0000000800000000)
  region size 2048K, 2 young (4096K), 2 survivors (4096K)
 Metaspace       used 35574K, committed 35904K, reserved 1081344K
  class space    used 4609K, committed 4736K, reserved 1048576K
}
Event: 7.588 GC heap before
{Heap before GC invocations=13 (full 0):
 garbage-first heap   total 155648K, used 110513K [0x0000000701400000, 0x0000000800000000)
  region size 2048K, 26 young (53248K), 2 survivors (4096K)
 Metaspace       used 35581K, committed 35968K, reserved 1081344K
  class space    used 4615K, committed 4800K, reserved 1048576K
}
Event: 7.593 GC heap after
{Heap after GC invocations=14 (full 0):
 garbage-first heap   total 333824K, used 65112K [0x0000000701400000, 0x0000000800000000)
  region size 2048K, 3 young (6144K), 3 survivors (6144K)
 Metaspace       used 35581K, committed 35968K, reserved 1081344K
  class space    used 4615K, committed 4800K, reserved 1048576K
}
Event: 7.693 GC heap before
{Heap before GC invocations=14 (full 0):
 garbage-first heap   total 333824K, used 218712K [0x0000000701400000, 0x0000000800000000)
  region size 2048K, 79 young (161792K), 3 survivors (6144K)
 Metaspace       used 35665K, committed 36032K, reserved 1081344K
  class space    used 4621K, committed 4800K, reserved 1048576K
}
Event: 7.702 GC heap after
{Heap after GC invocations=15 (full 0):
 garbage-first heap   total 333824K, used 70666K [0x0000000701400000, 0x0000000800000000)
  region size 2048K, 5 young (10240K), 5 survivors (10240K)
 Metaspace       used 35665K, committed 36032K, reserved 1081344K
  class space    used 4621K, committed 4800K, reserved 1048576K
}
Event: 7.784 GC heap before
{Heap before GC invocations=15 (full 0):
 garbage-first heap   total 333824K, used 246794K [0x0000000701400000, 0x0000000800000000)
  region size 2048K, 92 young (188416K), 5 survivors (10240K)
 Metaspace       used 35666K, committed 36032K, reserved 1081344K
  class space    used 4621K, committed 4800K, reserved 1048576K
}
Event: 7.794 GC heap after
{Heap after GC invocations=16 (full 0):
 garbage-first heap   total 333824K, used 77943K [0x0000000701400000, 0x0000000800000000)
  region size 2048K, 9 young (18432K), 9 survivors (18432K)
 Metaspace       used 35666K, committed 36032K, reserved 1081344K
  class space    used 4621K, committed 4800K, reserved 1048576K
}
Event: 7.873 GC heap before
{Heap before GC invocations=16 (full 0):
 garbage-first heap   total 333824K, used 252023K [0x0000000701400000, 0x0000000800000000)
  region size 2048K, 95 young (194560K), 9 survivors (18432K)
 Metaspace       used 35669K, committed 36032K, reserved 1081344K
  class space    used 4622K, committed 4800K, reserved 1048576K
}
Event: 7.888 GC heap after
{Heap after GC invocations=17 (full 0):
 garbage-first heap   total 333824K, used 86393K [0x0000000701400000, 0x0000000800000000)
  region size 2048K, 8 young (16384K), 8 survivors (16384K)
 Metaspace       used 35669K, committed 36032K, reserved 1081344K
  class space    used 4622K, committed 4800K, reserved 1048576K
}
Event: 7.965 GC heap before
{Heap before GC invocations=17 (full 0):
 garbage-first heap   total 333824K, used 258425K [0x0000000701400000, 0x0000000800000000)
  region size 2048K, 93 young (190464K), 8 survivors (16384K)
 Metaspace       used 35669K, committed 36032K, reserved 1081344K
  class space    used 4622K, committed 4800K, reserved 1048576K
}
Event: 7.983 GC heap after
{Heap after GC invocations=18 (full 0):
 garbage-first heap   total 667648K, used 93962K [0x0000000701400000, 0x0000000800000000)
  region size 2048K, 8 young (16384K), 8 survivors (16384K)
 Metaspace       used 35669K, committed 36032K, reserved 1081344K
  class space    used 4622K, committed 4800K, reserved 1048576K
}
Event: 8.236 GC heap before
{Heap before GC invocations=18 (full 0):
 garbage-first heap   total 667648K, used 474890K [0x0000000701400000, 0x0000000800000000)
  region size 2048K, 195 young (399360K), 8 survivors (16384K)
 Metaspace       used 35669K, committed 36032K, reserved 1081344K
  class space    used 4622K, committed 4800K, reserved 1048576K
}
Event: 8.254 GC heap after
{Heap after GC invocations=19 (full 0):
 garbage-first heap   total 667648K, used 107572K [0x0000000701400000, 0x0000000800000000)
  region size 2048K, 15 young (30720K), 15 survivors (30720K)
 Metaspace       used 35669K, committed 36032K, reserved 1081344K
  class space    used 4622K, committed 4800K, reserved 1048576K
}
Event: 8.592 GC heap before
{Heap before GC invocations=19 (full 0):
 garbage-first heap   total 667648K, used 474164K [0x0000000701400000, 0x0000000800000000)
  region size 2048K, 195 young (399360K), 15 survivors (30720K)
 Metaspace       used 35802K, committed 36160K, reserved 1081344K
  class space    used 4631K, committed 4800K, reserved 1048576K
}
Event: 8.615 GC heap after
{Heap after GC invocations=20 (full 0):
 garbage-first heap   total 667648K, used 132098K [0x0000000701400000, 0x0000000800000000)
  region size 2048K, 23 young (47104K), 23 survivors (47104K)
 Metaspace       used 35802K, committed 36160K, reserved 1081344K
  class space    used 4631K, committed 4800K, reserved 1048576K
}
Event: 10.066 GC heap before
{Heap before GC invocations=20 (full 0):
 garbage-first heap   total 667648K, used 474114K [0x0000000701400000, 0x0000000800000000)
  region size 2048K, 192 young (393216K), 23 survivors (47104K)
 Metaspace       used 36024K, committed 36352K, reserved 1081344K
  class space    used 4670K, committed 4800K, reserved 1048576K
}
Event: 10.097 GC heap after
{Heap after GC invocations=21 (full 0):
 garbage-first heap   total 667648K, used 149974K [0x0000000701400000, 0x0000000800000000)
  region size 2048K, 21 young (43008K), 21 survivors (43008K)
 Metaspace       used 36024K, committed 36352K, reserved 1081344K
  class space    used 4670K, committed 4800K, reserved 1048576K
}
Event: 11.572 GC heap before
{Heap before GC invocations=22 (full 0):
 garbage-first heap   total 602112K, used 465366K [0x0000000701400000, 0x0000000800000000)
  region size 2048K, 176 young (360448K), 21 survivors (43008K)
 Metaspace       used 38880K, committed 39232K, reserved 1089536K
  class space    used 4904K, committed 5120K, reserved 1048576K
}
Event: 11.601 GC heap after
{Heap after GC invocations=23 (full 0):
 garbage-first heap   total 602112K, used 166657K [0x0000000701400000, 0x0000000800000000)
  region size 2048K, 18 young (36864K), 18 survivors (36864K)
 Metaspace       used 38880K, committed 39232K, reserved 1089536K
  class space    used 4904K, committed 5120K, reserved 1048576K
}
Event: 11.618 GC heap before
{Heap before GC invocations=23 (full 0):
 garbage-first heap   total 602112K, used 166657K [0x0000000701400000, 0x0000000800000000)
  region size 2048K, 19 young (38912K), 18 survivors (36864K)
 Metaspace       used 38880K, committed 39232K, reserved 1089536K
  class space    used 4904K, committed 5120K, reserved 1048576K
}

