# JRE version: OpenJDK Runtime Environment Temurin-17.0.4.1+1 (17.0.4.1+1) (build 17.0.4.1+1)
# Java VM: OpenJDK 64-Bit Server VM Temurin-17.0.4.1+1 (17.0.4.1+1, mixed mode, emulated-client, tiered, compressed oops, compressed class ptrs, g1 gc, windows-amd64)
GC Precious Log:
 CPUs: 8 total, 8 available
 Memory: 16299M
 Large Page Support: Disabled
 NUMA Support: Disabled
 Compressed Oops: Enabled (Zero based)
 Heap Region Size: 2M
 Heap Min Capacity: 8M
 Heap Initial Capacity: 256M
 Heap Max Capacity: 4076M
 Pre-touch: Disabled
 Parallel Workers: 8
 Concurrent Workers: 2
 Concurrent Refinement Workers: 8
 Periodic GC: Disabled
Heap:
 garbage-first heap   total 157696K, used 45014K [0x0000000701400000, 0x0000000800000000)
  region size 2048K, 1 young (2048K), 0 survivors (0K)
 Metaspace       used 53593K, committed 54080K, reserved 1097728K
  class space    used 7119K, committed 7296K, reserved 1048576K
GC Heap History (20 events):
Event: 6365.317 GC heap before
{Heap before GC invocations=574 (full 547):
 garbage-first heap   total 157696K, used 45014K [0x0000000701400000, 0x0000000800000000)
  region size 2048K, 1 young (2048K), 0 survivors (0K)
 Metaspace       used 53593K, committed 54080K, reserved 1097728K
  class space    used 7119K, committed 7296K, reserved 1048576K
}
Event: 6365.423 GC heap after
{Heap after GC invocations=575 (full 548):
 garbage-first heap   total 157696K, used 45014K [0x0000000701400000, 0x0000000800000000)
  region size 2048K, 0 young (0K), 0 survivors (0K)
 Metaspace       used 53593K, committed 54080K, reserved 1097728K
  class space    used 7119K, committed 7296K, reserved 1048576K
}
Event: 6375.885 GC heap before
{Heap before GC invocations=575 (full 548):
 garbage-first heap   total 157696K, used 45014K [0x0000000701400000, 0x0000000800000000)
  region size 2048K, 1 young (2048K), 0 survivors (0K)
 Metaspace       used 53593K, committed 54080K, reserved 1097728K
  class space    used 7119K, committed 7296K, reserved 1048576K
}
Event: 6376.034 GC heap after
{Heap after GC invocations=576 (full 549):
 garbage-first heap   total 157696K, used 45014K [0x0000000701400000, 0x0000000800000000)
  region size 2048K, 0 young (0K), 0 survivors (0K)
 Metaspace       used 53593K, committed 54080K, reserved 1097728K
  class space    used 7119K, committed 7296K, reserved 1048576K
}
Event: 6386.484 GC heap before
{Heap before GC invocations=576 (full 549):
 garbage-first heap   total 157696K, used 45014K [0x0000000701400000, 0x0000000800000000)
  region size 2048K, 1 young (2048K), 0 survivors (0K)
 Metaspace       used 53593K, committed 54080K, reserved 1097728K
  class space    used 7119K, committed 7296K, reserved 1048576K
}
Event: 6386.596 GC heap after
{Heap after GC invocations=577 (full 550):
 garbage-first heap   total 157696K, used 45014K [0x0000000701400000, 0x0000000800000000)
  region size 2048K, 0 young (0K), 0 survivors (0K)
 Metaspace       used 53593K, committed 54080K, reserved 1097728K
  class space    used 7119K, committed 7296K, reserved 1048576K
}
Event: 6397.061 GC heap before
{Heap before GC invocations=577 (full 550):
 garbage-first heap   total 157696K, used 45014K [0x0000000701400000, 0x0000000800000000)
  region size 2048K, 1 young (2048K), 0 survivors (0K)
 Metaspace       used 53593K, committed 54080K, reserved 1097728K
  class space    used 7119K, committed 7296K, reserved 1048576K
}
Event: 6397.182 GC heap after
{Heap after GC invocations=578 (full 551):
 garbage-first heap   total 157696K, used 45014K [0x0000000701400000, 0x0000000800000000)
  region size 2048K, 0 young (0K), 0 survivors (0K)
 Metaspace       used 53593K, committed 54080K, reserved 1097728K
  class space    used 7119K, committed 7296K, reserved 1048576K
}
Event: 6407.690 GC heap before
{Heap before GC invocations=578 (full 551):
 garbage-first heap   total 157696K, used 45014K [0x0000000701400000, 0x0000000800000000)
  region size 2048K, 1 young (2048K), 0 survivors (0K)
 Metaspace       used 53593K, committed 54080K, reserved 1097728K
  class space    used 7119K, committed 7296K, reserved 1048576K
}
Event: 6407.832 GC heap after
{Heap after GC invocations=579 (full 552):
 garbage-first heap   total 157696K, used 45014K [0x0000000701400000, 0x0000000800000000)
  region size 2048K, 0 young (0K), 0 survivors (0K)
 Metaspace       used 53593K, committed 54080K, reserved 1097728K
  class space    used 7119K, committed 7296K, reserved 1048576K
}
Event: 6418.310 GC heap before
{Heap before GC invocations=579 (full 552):
 garbage-first heap   total 157696K, used 45014K [0x0000000701400000, 0x0000000800000000)
  region size 2048K, 1 young (2048K), 0 survivors (0K)
 Metaspace       used 53593K, committed 54080K, reserved 1097728K
  class space    used 7119K, committed 7296K, reserved 1048576K
}
Event: 6418.424 GC heap after
{Heap after GC invocations=580 (full 553):
 garbage-first heap   total 157696K, used 45014K [0x0000000701400000, 0x0000000800000000)
  region size 2048K, 0 young (0K), 0 survivors (0K)
 Metaspace       used 53593K, committed 54080K, reserved 1097728K
  class space    used 7119K, committed 7296K, reserved 1048576K
}
Event: 6428.833 GC heap before
{Heap before GC invocations=580 (full 553):
 garbage-first heap   total 157696K, used 45014K [0x0000000701400000, 0x0000000800000000)
  region size 2048K, 1 young (2048K), 0 survivors (0K)
 Metaspace       used 53593K, committed 54080K, reserved 1097728K
  class space    used 7119K, committed 7296K, reserved 1048576K
}
Event: 6428.958 GC heap after
{Heap after GC invocations=581 (full 554):
 garbage-first heap   total 157696K, used 45014K [0x0000000701400000, 0x0000000800000000)
  region size 2048K, 0 young (0K), 0 survivors (0K)
 Metaspace       used 53593K, committed 54080K, reserved 1097728K
  class space    used 7119K, committed 7296K, reserved 1048576K
}
Event: 6439.555 GC heap before
{Heap before GC invocations=581 (full 554):
 garbage-first heap   total 157696K, used 45014K [0x0000000701400000, 0x0000000800000000)
  region size 2048K, 1 young (2048K), 0 survivors (0K)
 Metaspace       used 53593K, committed 54080K, reserved 1097728K
  class space    used 7119K, committed 7296K, reserved 1048576K
}
Event: 6439.693 GC heap after
{Heap after GC invocations=582 (full 555):
 garbage-first heap   total 157696K, used 45014K [0x0000000701400000, 0x0000000800000000)
  region size 2048K, 0 young (0K), 0 survivors (0K)
 Metaspace       used 53593K, committed 54080K, reserved 1097728K
  class space    used 7119K, committed 7296K, reserved 1048576K
}
Event: 6450.243 GC heap before
{Heap before GC invocations=582 (full 555):
 garbage-first heap   total 157696K, used 45014K [0x0000000701400000, 0x0000000800000000)
  region size 2048K, 1 young (2048K), 0 survivors (0K)
 Metaspace       used 53593K, committed 54080K, reserved 1097728K
  class space    used 7119K, committed 7296K, reserved 1048576K
}
Event: 6450.362 GC heap after
{Heap after GC invocations=583 (full 556):
 garbage-first heap   total 157696K, used 45014K [0x0000000701400000, 0x0000000800000000)
  region size 2048K, 0 young (0K), 0 survivors (0K)
 Metaspace       used 53593K, committed 54080K, reserved 1097728K
  class space    used 7119K, committed 7296K, reserved 1048576K
}
Event: 6460.824 GC heap before
{Heap before GC invocations=583 (full 556):
 garbage-first heap   total 157696K, used 45014K [0x0000000701400000, 0x0000000800000000)
  region size 2048K, 1 young (2048K), 0 survivors (0K)
 Metaspace       used 53593K, committed 54080K, reserved 1097728K
  class space    used 7119K, committed 7296K, reserved 1048576K
}
Event: 6461.320 GC heap after
{Heap after GC invocations=584 (full 557):
 garbage-first heap   total 157696K, used 45014K [0x0000000701400000, 0x0000000800000000)
  region size 2048K, 0 young (0K), 0 survivors (0K)
 Metaspace       used 53593K, committed 54080K, reserved 1097728K
  class space    used 7119K, committed 7296K, reserved 1048576K
}

